# JRE version: OpenJDK Runtime Environment (17.0+35) (build 17+35-2724)
# Java VM: OpenJDK 64-Bit Server VM (17+35-2724, mixed mode, sharing, tiered, compressed oops, compressed class ptrs, g1 gc, windows-amd64)
GC Precious Log:
 CPUs: 4 total, 4 available
 Memory: 8078M
 Large Page Support: Disabled
 NUMA Support: Disabled
 Compressed Oops: Enabled (32-bit)
 Heap Region Size: 1M
 Heap Min Capacity: 8M
 Heap Initial Capacity: 128M
 Heap Max Capacity: 2020M
 Pre-touch: Disabled
 Parallel Workers: 4
 Concurrent Workers: 1
 Concurrent Refinement Workers: 4
 Periodic GC: Disabled
Heap:
 garbage-first heap   total 137216K, used 60507K [0x0000000081c00000, 0x0000000100000000)
  region size 1024K, 20 young (20480K), 3 survivors (3072K)
 Metaspace       used 57527K, committed 57984K, reserved 1105920K
  class space    used 7368K, committed 7552K, reserved 1048576K
GC Heap History (20 events):
Event: 4877.306 GC heap before
{Heap before GC invocations=20 (full 0):
 garbage-first heap   total 137216K, used 93082K [0x0000000081c00000, 0x0000000100000000)
  region size 1024K, 50 young (51200K), 1 survivors (1024K)
 Metaspace       used 53064K, committed 53504K, reserved 1097728K
  class space    used 7089K, committed 7296K, reserved 1048576K
}
Event: 4877.312 GC heap after
{Heap after GC invocations=21 (full 0):
 garbage-first heap   total 137216K, used 43220K [0x0000000081c00000, 0x0000000100000000)
  region size 1024K, 2 young (2048K), 2 survivors (2048K)
 Metaspace       used 53064K, committed 53504K, reserved 1097728K
  class space    used 7089K, committed 7296K, reserved 1048576K
}
Event: 8456.947 GC heap before
{Heap before GC invocations=21 (full 0):
 garbage-first heap   total 137216K, used 95444K [0x0000000081c00000, 0x0000000100000000)
  region size 1024K, 53 young (54272K), 2 survivors (2048K)
 Metaspace       used 53172K, committed 53632K, reserved 1097728K
  class space    used 7089K, committed 7296K, reserved 1048576K
}
Event: 8456.963 GC heap after
{Heap after GC invocations=22 (full 0):
 garbage-first heap   total 137216K, used 43651K [0x0000000081c00000, 0x0000000100000000)
  region size 1024K, 2 young (2048K), 2 survivors (2048K)
 Metaspace       used 53172K, committed 53632K, reserved 1097728K
  class space    used 7089K, committed 7296K, reserved 1048576K
}
Event: 10620.390 GC heap before
{Heap before GC invocations=22 (full 0):
 garbage-first heap   total 137216K, used 97923K [0x0000000081c00000, 0x0000000100000000)
  region size 1024K, 56 young (57344K), 2 survivors (2048K)
 Metaspace       used 56275K, committed 56704K, reserved 1105920K
  class space    used 7366K, committed 7552K, reserved 1048576K
}
Event: 10620.406 GC heap after
{Heap after GC invocations=23 (full 0):
 garbage-first heap   total 137216K, used 44517K [0x0000000081c00000, 0x0000000100000000)
  region size 1024K, 3 young (3072K), 3 survivors (3072K)
 Metaspace       used 56275K, committed 56704K, reserved 1105920K
  class space    used 7366K, committed 7552K, reserved 1048576K
}
Event: 10622.362 GC heap before
{Heap before GC invocations=23 (full 0):
 garbage-first heap   total 137216K, used 101861K [0x0000000081c00000, 0x0000000100000000)
  region size 1024K, 59 young (60416K), 3 survivors (3072K)
 Metaspace       used 57259K, committed 57664K, reserved 1105920K
  class space    used 7367K, committed 7552K, reserved 1048576K
}
Event: 10622.370 GC heap after
{Heap after GC invocations=24 (full 0):
 garbage-first heap   total 137216K, used 44120K [0x0000000081c00000, 0x0000000100000000)
  region size 1024K, 3 young (3072K), 3 survivors (3072K)
 Metaspace       used 57259K, committed 57664K, reserved 1105920K
  class space    used 7367K, committed 7552K, reserved 1048576K
}
Event: 10623.837 GC heap before
{Heap before GC invocations=24 (full 0):
 garbage-first heap   total 137216K, used 104536K [0x0000000081c00000, 0x0000000100000000)
  region size 1024K, 62 young (63488K), 3 survivors (3072K)
 Metaspace       used 57507K, committed 57856K, reserved 1105920K
  class space    used 7367K, committed 7552K, reserved 1048576K
}
Event: 10623.843 GC heap after
{Heap after GC invocations=25 (full 0):
 garbage-first heap   total 137216K, used 44116K [0x0000000081c00000, 0x0000000100000000)
  region size 1024K, 3 young (3072K), 3 survivors (3072K)
 Metaspace       used 57507K, committed 57856K, reserved 1105920K
  class space    used 7367K, committed 7552K, reserved 1048576K
}
Event: 10625.867 GC heap before
{Heap before GC invocations=25 (full 0):
 garbage-first heap   total 137216K, used 106580K [0x0000000081c00000, 0x0000000100000000)
  region size 1024K, 65 young (66560K), 3 survivors (3072K)
 Metaspace       used 57514K, committed 57920K, reserved 1105920K
  class space    used 7367K, committed 7552K, reserved 1048576K
}
Event: 10625.871 GC heap after
{Heap after GC invocations=26 (full 0):
 garbage-first heap   total 137216K, used 44039K [0x0000000081c00000, 0x0000000100000000)
  region size 1024K, 3 young (3072K), 3 survivors (3072K)
 Metaspace       used 57514K, committed 57920K, reserved 1105920K
  class space    used 7367K, committed 7552K, reserved 1048576K
}
Event: 10627.419 GC heap before
{Heap before GC invocations=26 (full 0):
 garbage-first heap   total 137216K, used 108551K [0x0000000081c00000, 0x0000000100000000)
  region size 1024K, 67 young (68608K), 3 survivors (3072K)
 Metaspace       used 57514K, committed 57920K, reserved 1105920K
  class space    used 7367K, committed 7552K, reserved 1048576K
}
Event: 10627.423 GC heap after
{Heap after GC invocations=27 (full 0):
 garbage-first heap   total 137216K, used 44118K [0x0000000081c00000, 0x0000000100000000)
  region size 1024K, 3 young (3072K), 3 survivors (3072K)
 Metaspace       used 57514K, committed 57920K, reserved 1105920K
  class space    used 7367K, committed 7552K, reserved 1048576K
}
Event: 10628.994 GC heap before
{Heap before GC invocations=27 (full 0):
 garbage-first heap   total 137216K, used 110678K [0x0000000081c00000, 0x0000000100000000)
  region size 1024K, 69 young (70656K), 3 survivors (3072K)
 Metaspace       used 57514K, committed 57920K, reserved 1105920K
  class space    used 7367K, committed 7552K, reserved 1048576K
}
Event: 10628.997 GC heap after
{Heap after GC invocations=28 (full 0):
 garbage-first heap   total 137216K, used 44116K [0x0000000081c00000, 0x0000000100000000)
  region size 1024K, 3 young (3072K), 3 survivors (3072K)
 Metaspace       used 57514K, committed 57920K, reserved 1105920K
  class space    used 7367K, committed 7552K, reserved 1048576K
}
Event: 10630.557 GC heap before
{Heap before GC invocations=28 (full 0):
 garbage-first heap   total 137216K, used 111700K [0x0000000081c00000, 0x0000000100000000)
  region size 1024K, 70 young (71680K), 3 survivors (3072K)
 Metaspace       used 57515K, committed 57984K, reserved 1105920K
  class space    used 7367K, committed 7552K, reserved 1048576K
}
Event: 10630.561 GC heap after
{Heap after GC invocations=29 (full 0):
 garbage-first heap   total 137216K, used 44213K [0x0000000081c00000, 0x0000000100000000)
  region size 1024K, 3 young (3072K), 3 survivors (3072K)
 Metaspace       used 57515K, committed 57984K, reserved 1105920K
  class space    used 7367K, committed 7552K, reserved 1048576K
}
Event: 10632.572 GC heap before
{Heap before GC invocations=29 (full 0):
 garbage-first heap   total 137216K, used 114869K [0x0000000081c00000, 0x0000000100000000)
  region size 1024K, 72 young (73728K), 3 survivors (3072K)
 Metaspace       used 57527K, committed 57984K, reserved 1105920K
  class space    used 7368K, committed 7552K, reserved 1048576K
}
Event: 10632.576 GC heap after
{Heap after GC invocations=30 (full 0):
 garbage-first heap   total 137216K, used 44123K [0x0000000081c00000, 0x0000000100000000)
  region size 1024K, 3 young (3072K), 3 survivors (3072K)
 Metaspace       used 57527K, committed 57984K, reserved 1105920K
  class space    used 7368K, committed 7552K, reserved 1048576K
}

